<?xml version="1.0" encoding="UTF-8"?>
<!-- Generated by org.testng.reporters.JUnitXMLReporter -->
<testsuite hostname="user" ignored="0" name="Sprint1(failed)" tests="1" failures="1" timestamp="13 Jul 2019 05:29:45 GMT" time="0.085" errors="0">
  <testcase name="testWordPress" time="0.026" classname="com.sample.testng.Testcase3">
    <failure type="java.lang.AssertionError" message="expected [true] but found [false]">
      <![CDATA[java.lang.AssertionError: expected [true] but found [false]
at com.sample.testng.Testcase3.testWordPress(Testcase3.java:10)
at runner.TestRunner.main(TestRunner.java:17)
... Removed 26 stack frames]]>
    </failure>
  </testcase> <!-- testWordPress -->
</testsuite> <!-- Sprint1(failed) -->
